[2024-07-23 13:21:13.404] [modengine] [info] Attempting to load global config at D:\Elden Ring Modding\Games-Elden-Ring-Co-Op\modengine2\config.toml
[2024-07-23 13:21:13.404] [modengine] [info] Attempting to load mod settings config at D:\Elden Ring Modding\Games-Elden-Ring-Co-Op\config_eldenring.toml
[2024-07-23 13:21:13.404] [modengine] [info] Local config loaded
[2024-07-23 13:21:13.405] [modengine] [info] ModEngine version 2.1.0-0924ab36f1311bf84e7e626740b4bf2c0d54909a initializing for Elden Ring
[2024-07-23 13:21:13.405] [modengine] [info] Local settings loaded: true, Global settings loaded: false
[2024-07-23 13:21:13.405] [modengine] [info] Main thread ID: 24252
[2024-07-23 13:21:13.500] [modengine] [info] Loaded external DLL D:\Elden Ring Modding\Games-Elden-Ring-Co-Op\ersc.dll
[2024-07-23 13:23:49.862] [modengine] [info] Attempting to load global config at D:\Elden Ring Modding\Games-Elden-Ring-Co-Op\modengine2\config.toml
[2024-07-23 13:23:49.862] [modengine] [info] Attempting to load mod settings config at D:\Elden Ring Modding\Games-Elden-Ring-Co-Op\config_eldenring.toml
[2024-07-23 13:23:49.862] [modengine] [info] Local config loaded
[2024-07-23 13:23:49.862] [modengine] [info] ModEngine version 2.1.0-0924ab36f1311bf84e7e626740b4bf2c0d54909a initializing for Elden Ring
[2024-07-23 13:23:49.862] [modengine] [info] Local settings loaded: true, Global settings loaded: false
[2024-07-23 13:23:49.862] [modengine] [info] Main thread ID: 9324
[2024-07-23 13:23:50.267] [modengine] [info] Loaded external DLL D:\Elden Ring Modding\Games-Elden-Ring-Co-Op\ersc.dll
[2024-07-23 13:25:26.783] [modengine] [info] Attempting to load global config at D:\Elden Ring Modding\Games-Elden-Ring-Co-Op\modengine2\config.toml
[2024-07-23 13:25:26.783] [modengine] [info] Attempting to load mod settings config at D:\Elden Ring Modding\Games-Elden-Ring-Co-Op\config_eldenring.toml
[2024-07-23 13:25:26.783] [modengine] [info] Local config loaded
[2024-07-23 13:25:26.783] [modengine] [info] ModEngine version 2.1.0-0924ab36f1311bf84e7e626740b4bf2c0d54909a initializing for Elden Ring
[2024-07-23 13:25:26.783] [modengine] [info] Local settings loaded: true, Global settings loaded: false
[2024-07-23 13:25:26.783] [modengine] [info] Main thread ID: 23344
[2024-07-23 13:25:26.817] [modengine] [info] Loaded external DLL D:\Elden Ring Modding\Games-Elden-Ring-Co-Op\ersc.dll
[2024-07-23 13:25:29.628] [modengine] [info] Enabling extension base
[2024-07-23 13:25:29.628] [modengine] [info] Enabled extension base
[2024-07-23 13:25:29.628] [modengine] [info] Enabling extension mod_loader
[2024-07-23 13:25:29.628] [modengine] [info] Installing mod location mod
[2024-07-23 13:25:29.628] [modengine] [info] Resolved mod path to D:\Elden Ring Modding\Games-Elden-Ring-Co-Op\mod
[2024-07-23 13:25:29.628] [modengine] [info] Installing mod location mod\easyrespec
[2024-07-23 13:25:29.628] [modengine] [info] Resolved mod path to D:\Elden Ring Modding\Games-Elden-Ring-Co-Op\mod\easyrespec
[2024-07-23 13:25:29.628] [modengine] [info] Enabled extension mod_loader
[2024-07-23 13:25:29.681] [modengine] [info] Applied 3 hooks
[2024-07-23 13:25:29.684] [modengine] [info] Starting worker thread
